<?xml version="1.0" encoding="UTF-8"?>
<!-- Generated by org.testng.reporters.JUnitXMLReporter -->
<testsuite ignored="5" hostname="DESKTOP-MD06342" failures="0" tests="1" name="Default test" time="105.758" errors="0" timestamp="2024-07-26T21:24:04 IST">
  <testcase classname="Demo.Orange" name="deleteEmployee" time="23.052"/>
  <testcase classname="Demo.Orange" name="loginWithInavlidCredential" time="0.0">
    <ignored/>
  </testcase> <!-- loginWithInavlidCredential -->
  <testcase classname="Demo.Orange" name="searchEmployee" time="0.0">
    <ignored/>
  </testcase> <!-- searchEmployee -->
  <testcase classname="Demo.Orange" name="searchbyEid" time="0.0">
    <ignored/>
  </testcase> <!-- searchbyEid -->
  <testcase classname="Demo.Orange" name="loginTestWithValid" time="0.0">
    <ignored/>
  </testcase> <!-- loginTestWithValid -->
  <testcase classname="Demo.Orange" name="addEmployee" time="0.0">
    <ignored/>
  </testcase> <!-- addEmployee -->
</testsuite> <!-- Default test -->
